<?xml version="1.0" encoding="UTF-8"?>
<testsuite xmlns:xsi="http://www.w3.org/2001/XMLSchema-instance" xsi:noNamespaceSchemaLocation="https://maven.apache.org/surefire/maven-surefire-plugin/xsd/surefire-test-report.xsd" name="ui.TestEmployeeDetails" time="0.754" tests="2" errors="0" skipped="0" failures="1">
  <properties>
[...]
</properties>
  <testcase name="testCalculateAppriasal" classname="ui.TestEmployeeDetails" time="0.013"/>
  <testcase name="testCalculateYearlySalary" classname="ui.TestEmployeeDetails" time="0.016">
    <failure message="8000 expected [96000.0] but found [96001.0]" type="java.lang.AssertionError">java.lang.AssertionError: 8000 expected [96000.0] but found [96001.0]
	at ui.TestEmployeeDetails.testCalculateYearlySalary(TestEmployeeDetails.java:30)
</failure>
  </testcase>
</testsuite>