-------------------------------------------------------------------------------
Test set: ui.TestEmployeeDetails
-------------------------------------------------------------------------------
Tests run: 2, Failures: 1, Errors: 0, Skipped: 0, Time elapsed: 0.752 s <<< FAILURE! - in ui.TestEmployeeDetails
testCalculateYearlySalary(ui.TestEmployeeDetails)  Time elapsed: 0.016 s  <<< FAILURE!
java.lang.AssertionError: 8000 expected [96000.0] but found [96001.0]
	at ui.TestEmployeeDetails.testCalculateYearlySalary(TestEmployeeDetails.java:30)

